<?xml version="1.0" encoding="UTF-8"?>
<!-- Generated by org.testng.reporters.JUnitXMLReporter -->
<testsuite ignored="0" hostname="DESKTOP-HEKQ2O1" failures="2" tests="3" name="ClikingTest" time="32.504" errors="0" timestamp="2020-01-16T18:46:46 IST">
  <testcase classname="TestCases.ClickOnSignUpTest" name="testClinkOnLink" time="12.72"/>
  <testcase classname="TestCases.ClickOnSignUpTest" name="testFailedScenarios" time="0.005">
    <failure type="java.lang.AssertionError" message="did not expect to find [true] but found [false]">
      <![CDATA[java.lang.AssertionError: did not expect to find [true] but found [false]
at TestCases.ClickOnSignUpTest.testFailedScenarios(ClickOnSignUpTest.java:56)
at java.base/java.util.ArrayList.forEach(ArrayList.java:1540)
... Removed 31 stack frames]]>
    </failure>
  </testcase> <!-- testFailedScenarios -->
  <testcase classname="TestCases.ClickOnSignUpTest" name="testAcualExpected" time="0.001">
    <failure type="java.lang.AssertionError" message="expected [That] but found [This]">
      <![CDATA[java.lang.AssertionError: expected [That] but found [This]
at TestCases.ClickOnSignUpTest.testAcualExpected(ClickOnSignUpTest.java:65)
at java.base/java.util.ArrayList.forEach(ArrayList.java:1540)
... Removed 32 stack frames]]>
    </failure>
  </testcase> <!-- testAcualExpected -->
</testsuite> <!-- ClikingTest -->
